<?xml version="1.0" encoding="UTF-8"?>
<!-- Generated by org.testng.reporters.JUnitXMLReporter -->
<testsuite ignored="1" hostname="DESKTOP-4BPBE6F" failures="0" tests="2" name="Test" time="0.091" errors="0" timestamp="2022-12-22T15:17:09 IST">
  <testcase classname="DisableTC.UsingTestNGFlag" name="TC2" time="0.01"/>
  <testcase classname="DisableTC.UsingTestNGFlag" name="TC3" time="0.002"/>
  <testcase classname="DisableTC.UsingTestNGFlag" name="TC1" time="0.0">
    <ignored/>
  </testcase> <!-- TC1 -->
</testsuite> <!-- Test -->
