<?xml version="1.0" encoding="UTF-8"?>
<testng-results ignored="0" total="1" passed="1" failed="0" skipped="0">
  <reporter-output>
  </reporter-output>
  <suite started-at="2023-03-13T23:06:25 IST" name="Default suite" finished-at="2023-03-13T23:06:25 IST" duration-ms="83">
    <groups>
    </groups>
    <test started-at="2023-03-13T23:06:25 IST" name="Default test" finished-at="2023-03-13T23:06:25 IST" duration-ms="83">
      <class name="Assert.Assert_equals">
        <test-method signature="TC1()[pri:0, instance:Assert.Assert_equals@58695725]" started-at="2023-03-13T23:06:25 IST" name="TC1" finished-at="2023-03-13T23:06:25 IST" duration-ms="14" status="PASS">
          <reporter-output>
          </reporter-output>
        </test-method> <!-- TC1 -->
      </class> <!-- Assert.Assert_equals -->
    </test> <!-- Default test -->
  </suite> <!-- Default suite -->
</testng-results>
